   0  $accept : %entry% $end

   1  programme : proplog EOF

   2  proplog : VAR
   3          | Vrai
   4          | Faux
   5          | NEG proplog
   6          | LPAR NEG proplog RPAR
   7          | proplog IMPLIQ proplog
   8          | LPAR proplog IMPLIQ proplog RPAR
   9          | proplog ET proplog
  10          | LPAR proplog ET proplog RPAR
  11          | proplog OU proplog
  12          | LPAR proplog OU proplog RPAR

  13  %entry% : '\001' programme

state 0
	$accept : . %entry% $end  (0)

	'\001'  shift 1
	.  error

	%entry%  goto 2


state 1
	%entry% : '\001' . programme  (13)

	NEG  shift 3
	LPAR  shift 4
	Vrai  shift 5
	Faux  shift 6
	VAR  shift 7
	.  error

	programme  goto 8
	proplog  goto 9


state 2
	$accept : %entry% . $end  (0)

	$end  accept


state 3
	proplog : NEG . proplog  (5)

	NEG  shift 3
	LPAR  shift 4
	Vrai  shift 5
	Faux  shift 6
	VAR  shift 7
	.  error

	proplog  goto 10


state 4
	proplog : LPAR . NEG proplog RPAR  (6)
	proplog : LPAR . proplog IMPLIQ proplog RPAR  (8)
	proplog : LPAR . proplog ET proplog RPAR  (10)
	proplog : LPAR . proplog OU proplog RPAR  (12)

	NEG  shift 11
	LPAR  shift 4
	Vrai  shift 5
	Faux  shift 6
	VAR  shift 7
	.  error

	proplog  goto 12


state 5
	proplog : Vrai .  (3)

	.  reduce 3


state 6
	proplog : Faux .  (4)

	.  reduce 4


state 7
	proplog : VAR .  (2)

	.  reduce 2


state 8
	%entry% : '\001' programme .  (13)

	.  reduce 13


state 9
	programme : proplog . EOF  (1)
	proplog : proplog . IMPLIQ proplog  (7)
	proplog : proplog . ET proplog  (9)
	proplog : proplog . OU proplog  (11)

	ET  shift 13
	OU  shift 14
	IMPLIQ  shift 15
	EOF  shift 16
	.  error


state 10
	proplog : NEG proplog .  (5)
	proplog : proplog . IMPLIQ proplog  (7)
	proplog : proplog . ET proplog  (9)
	proplog : proplog . OU proplog  (11)

	.  reduce 5


state 11
	proplog : NEG . proplog  (5)
	proplog : LPAR NEG . proplog RPAR  (6)

	NEG  shift 3
	LPAR  shift 4
	Vrai  shift 5
	Faux  shift 6
	VAR  shift 7
	.  error

	proplog  goto 17


state 12
	proplog : proplog . IMPLIQ proplog  (7)
	proplog : LPAR proplog . IMPLIQ proplog RPAR  (8)
	proplog : proplog . ET proplog  (9)
	proplog : LPAR proplog . ET proplog RPAR  (10)
	proplog : proplog . OU proplog  (11)
	proplog : LPAR proplog . OU proplog RPAR  (12)

	ET  shift 18
	OU  shift 19
	IMPLIQ  shift 20
	.  error


state 13
	proplog : proplog ET . proplog  (9)

	NEG  shift 3
	LPAR  shift 4
	Vrai  shift 5
	Faux  shift 6
	VAR  shift 7
	.  error

	proplog  goto 21


state 14
	proplog : proplog OU . proplog  (11)

	NEG  shift 3
	LPAR  shift 4
	Vrai  shift 5
	Faux  shift 6
	VAR  shift 7
	.  error

	proplog  goto 22


state 15
	proplog : proplog IMPLIQ . proplog  (7)

	NEG  shift 3
	LPAR  shift 4
	Vrai  shift 5
	Faux  shift 6
	VAR  shift 7
	.  error

	proplog  goto 23


state 16
	programme : proplog EOF .  (1)

	.  reduce 1


state 17
	proplog : NEG proplog .  (5)
	proplog : LPAR NEG proplog . RPAR  (6)
	proplog : proplog . IMPLIQ proplog  (7)
	proplog : proplog . ET proplog  (9)
	proplog : proplog . OU proplog  (11)

	RPAR  shift 24
	ET  reduce 5
	OU  reduce 5
	IMPLIQ  reduce 5


state 18
	proplog : proplog ET . proplog  (9)
	proplog : LPAR proplog ET . proplog RPAR  (10)

	NEG  shift 3
	LPAR  shift 4
	Vrai  shift 5
	Faux  shift 6
	VAR  shift 7
	.  error

	proplog  goto 25


state 19
	proplog : proplog OU . proplog  (11)
	proplog : LPAR proplog OU . proplog RPAR  (12)

	NEG  shift 3
	LPAR  shift 4
	Vrai  shift 5
	Faux  shift 6
	VAR  shift 7
	.  error

	proplog  goto 26


state 20
	proplog : proplog IMPLIQ . proplog  (7)
	proplog : LPAR proplog IMPLIQ . proplog RPAR  (8)

	NEG  shift 3
	LPAR  shift 4
	Vrai  shift 5
	Faux  shift 6
	VAR  shift 7
	.  error

	proplog  goto 27


state 21
	proplog : proplog . IMPLIQ proplog  (7)
	proplog : proplog . ET proplog  (9)
	proplog : proplog ET proplog .  (9)
	proplog : proplog . OU proplog  (11)

	OU  shift 14
	ET  reduce 9
	IMPLIQ  reduce 9
	RPAR  reduce 9
	EOF  reduce 9


state 22
	proplog : proplog . IMPLIQ proplog  (7)
	proplog : proplog . ET proplog  (9)
	proplog : proplog . OU proplog  (11)
	proplog : proplog OU proplog .  (11)

	.  reduce 11


state 23
	proplog : proplog . IMPLIQ proplog  (7)
	proplog : proplog IMPLIQ proplog .  (7)
	proplog : proplog . ET proplog  (9)
	proplog : proplog . OU proplog  (11)

	ET  shift 13
	OU  shift 14
	IMPLIQ  shift 15
	RPAR  reduce 7
	EOF  reduce 7


state 24
	proplog : LPAR NEG proplog RPAR .  (6)

	.  reduce 6


state 25
	proplog : proplog . IMPLIQ proplog  (7)
	proplog : proplog . ET proplog  (9)
	proplog : proplog ET proplog .  (9)
	proplog : LPAR proplog ET proplog . RPAR  (10)
	proplog : proplog . OU proplog  (11)

	OU  shift 14
	RPAR  shift 28
	ET  reduce 9
	IMPLIQ  reduce 9


state 26
	proplog : proplog . IMPLIQ proplog  (7)
	proplog : proplog . ET proplog  (9)
	proplog : proplog . OU proplog  (11)
	proplog : proplog OU proplog .  (11)
	proplog : LPAR proplog OU proplog . RPAR  (12)

	RPAR  shift 29
	ET  reduce 11
	OU  reduce 11
	IMPLIQ  reduce 11


state 27
	proplog : proplog . IMPLIQ proplog  (7)
	proplog : proplog IMPLIQ proplog .  (7)
	proplog : LPAR proplog IMPLIQ proplog . RPAR  (8)
	proplog : proplog . ET proplog  (9)
	proplog : proplog . OU proplog  (11)

	ET  shift 13
	OU  shift 14
	IMPLIQ  shift 15
	RPAR  shift 30
	.  error


state 28
	proplog : LPAR proplog ET proplog RPAR .  (10)

	.  reduce 10


state 29
	proplog : LPAR proplog OU proplog RPAR .  (12)

	.  reduce 12


state 30
	proplog : LPAR proplog IMPLIQ proplog RPAR .  (8)

	.  reduce 8


14 terminals, 4 nonterminals
14 grammar rules, 31 states
